<?xml version="1.0" encoding="UTF-8"?>
<!-- Generated by org.testng.reporters.JUnitReportReporter -->
<testsuite skipped="0" hostname="K55V" name="test.TestA" tests="2" failures="0" timestamp="2022-11-13T21:44:32 IST" time="11.327" errors="0">
  <testcase name="test_1" time="6.420" classname="test.TestA"/>
  <system-out/>
  <testcase name="test_2" time="4.907" classname="test.TestA"/>
  <system-out/>
</testsuite> <!-- test.TestA -->
