<?xml version="1.0" encoding="UTF-8"?>
<!-- Generated by org.testng.reporters.JUnitReportReporter -->
<testsuite skipped="0" hostname="K55V" name="test.GetAndPost" tests="2" failures="0" timestamp="2022-11-07T00:54:29 IST" time="7.655" errors="0">
  <testcase name="testGet" time="6.950" classname="test.GetAndPost"/>
  <system-out/>
  <testcase name="testPost" time="0.705" classname="test.GetAndPost"/>
  <system-out/>
</testsuite> <!-- test.GetAndPost -->
