<?xml version="1.0" encoding="UTF-8"?>
<!-- Generated by org.testng.reporters.JUnitReportReporter -->
<testsuite skipped="0" hostname="K55V" name="test.TestOnLocalAPI" tests="1" failures="0" timestamp="2022-10-08T22:40:11 IST" time="3.367" errors="0">
  <testcase name="delete" time="3.367" classname="test.TestOnLocalAPI"/>
  <system-out/>
</testsuite> <!-- test.TestOnLocalAPI -->
