<?xml version="1.0" encoding="UTF-8"?>
<!-- Generated by org.testng.reporters.JUnitReportReporter -->
<testsuite skipped="0" hostname="K55V" name="test.TestA" tests="2" failures="0" timestamp="2022-10-06T23:48:30 IST" time="6.146" errors="0">
  <testcase name="test_1" time="3.978" classname="test.TestA"/>
  <system-out/>
  <testcase name="test_2" time="2.168" classname="test.TestA"/>
  <system-out/>
</testsuite> <!-- test.TestA -->
