<?xml version="1.0" encoding="UTF-8"?>
<!-- Generated by org.testng.reporters.JUnitReportReporter -->
<testsuite skipped="0" hostname="K55V" name="test.GetAndPost" tests="2" failures="0" timestamp="2022-10-07T22:56:41 IST" time="11.483" errors="0">
  <testcase name="testGet" time="7.046" classname="test.GetAndPost"/>
  <system-out/>
  <testcase name="testPost" time="4.437" classname="test.GetAndPost"/>
  <system-out/>
</testsuite> <!-- test.GetAndPost -->
