<?xml version="1.0" encoding="UTF-8"?>
<!-- Generated by org.testng.reporters.JUnitReportReporter -->
<testsuite skipped="0" hostname="K55V" name="test.TestA" tests="2" failures="0" timestamp="2022-10-29T12:14:34 IST" time="12.961" errors="0">
  <testcase name="test_1" time="7.516" classname="test.TestA"/>
  <system-out/>
  <testcase name="test_2" time="5.445" classname="test.TestA"/>
  <system-out/>
</testsuite> <!-- test.TestA -->
