<?xml version="1.0" encoding="UTF-8"?>
<!-- Generated by org.testng.reporters.JUnitReportReporter -->
<testsuite skipped="0" hostname="K55V" name="test.PutPatchAndDelete" tests="3" failures="0" timestamp="2022-10-07T23:33:24 IST" time="5.188" errors="0">
  <testcase name="testPatch" time="0.723" classname="test.PutPatchAndDelete"/>
  <system-out/>
  <testcase name="testDelete" time="3.853" classname="test.PutPatchAndDelete"/>
  <system-out/>
  <testcase name="testPut" time="0.612" classname="test.PutPatchAndDelete"/>
  <system-out/>
</testsuite> <!-- test.PutPatchAndDelete -->
